[debug] [2023-11-16T08:16:46.985Z] ----------------------------------------------------------------------
[debug] [2023-11-16T08:16:46.987Z] Command:       /usr/local/share/nvm/versions/node/v20.8.1/bin/node /home/codespace/nvm/current/bin/firebase init
[debug] [2023-11-16T08:16:46.988Z] CLI Version:   12.9.1
[debug] [2023-11-16T08:16:46.988Z] Platform:      linux
[debug] [2023-11-16T08:16:46.988Z] Node Version:  v20.8.1
[debug] [2023-11-16T08:16:46.988Z] Time:          Thu Nov 16 2023 08:16:46 GMT+0000 (Coordinated Universal Time)
[debug] [2023-11-16T08:16:46.988Z] Env Overrides: GITHUB_API_URL
[debug] [2023-11-16T08:16:46.988Z] ----------------------------------------------------------------------
[debug] 
[debug] [2023-11-16T08:16:46.993Z] > command requires scopes: ["email","openid","https://www.googleapis.com/auth/cloudplatformprojects.readonly","https://www.googleapis.com/auth/firebase","https://www.googleapis.com/auth/cloud-platform"]
[debug] [2023-11-16T08:16:46.993Z] > authorizing via signed-in user (juventwillhans@gmail.com)
[info] 
     ######## #### ########  ######## ########     ###     ######  ########
     ##        ##  ##     ## ##       ##     ##  ##   ##  ##       ##
     ######    ##  ########  ######   ########  #########  ######  ######
     ##        ##  ##    ##  ##       ##     ## ##     ##       ## ##
     ##       #### ##     ## ######## ########  ##     ##  ######  ########

You're about to initialize a Firebase project in this directory:

  /workspaces/Menu-Willhan

Before we get started, keep in mind:

  * You are currently outside your home directory

[info] 
=== Project Setup
[info] 
[info] First, let's associate this project directory with a Firebase project.
[info] You can create multiple project aliases by running firebase use --add, 
[info] but for now we'll just set up a default project.
[info] 
[debug] [2023-11-16T08:20:42.952Z] >>> [apiv2][query] GET https://firebase.googleapis.com/v1beta1/projects pageSize=100
[debug] [2023-11-16T08:20:43.413Z] <<< [apiv2][status] GET https://firebase.googleapis.com/v1beta1/projects 200
[debug] [2023-11-16T08:20:43.413Z] <<< [apiv2][body] GET https://firebase.googleapis.com/v1beta1/projects [omitted]
